[www.hsgadvisory.com/index.html]
[backblue.gif]
[fade.gif]
[index.html]
[uploads-ssl.webflow.com/5fec9cbd559a42ec579e8c62/css/hsg-advisory.webflow.e3ef5bf72.css]
[ajax.googleapis.com/ajax/libs/webfont/1.6.26/webfont.js]
[uploads-ssl.webflow.com/5fec9cbd559a42ec579e8c62/6021a09e9a0aba87557a29ad_Untitled design (27).png]
[uploads-ssl.webflow.com/5fec9cbd559a42ec579e8c62/6021a05fdffbf03729035754_Untitled design (27).png]
[uploads-ssl.webflow.com/5fec9cbd559a42ec579e8c62/5fec9ee792fcdb3942d12bc4_logo-light.png]
[www.hsgadvisory.com/what-we-do.html]
[www.hsgadvisory.com/team.html]
[www.hsgadvisory.com/careers.html]
[www.hsgadvisory.com/contact.html]
[uploads-ssl.webflow.com/5fec9cbd559a42ec579e8c62/5fecfe5874e94dba9c7ea256_iconfinder_03_feather-pen-quill_5746726.png]
[uploads-ssl.webflow.com/5fec9cbd559a42ec579e8c62/5fecfe58523345e4e85581bb_iconfinder_03_caliper-compass-callipers-divider_5746715.png]
[uploads-ssl.webflow.com/5fec9cbd559a42ec579e8c62/5fecfe5883f67d7a4864e482_iconfinder_03_wand-magic-select-tool_5746711.png]
[uploads-ssl.webflow.com/5fec9cbd559a42ec579e8c62/5feca2a2a081fc51297bf6e0_paddle.png]
[uploads-ssl.webflow.com/5fec9cbd559a42ec579e8c62/5feca2a37aaf96228f8c3f05_dawn.png]
[uploads-ssl.webflow.com/5fec9cbd559a42ec579e8c62/5fedd6706e8146ea55c500a6_simba.png]
[uploads-ssl.webflow.com/5fec9cbd559a42ec579e8c62/5feca2a32d254219ca208770_crowdcube.png]
[uploads-ssl.webflow.com/5fec9cbd559a42ec579e8c62/5fee1a3b92fcdbc4d4d54b0e_curve.png]
[uploads-ssl.webflow.com/5fec9cbd559a42ec579e8c62/5fee1a3baac9086b056360a6_jacobs.png]
[uploads-ssl.webflow.com/5fec9cbd559a42ec579e8c62/5feca2a301923a84b9f170f8_octopus.png]
[uploads-ssl.webflow.com/5fec9cbd559a42ec579e8c62/5feca2a22221c925afe25cab_farewill.png]
[uploads-ssl.webflow.com/5fec9cbd559a42ec579e8c62/6015ba8349f4818592b79eb8_Untitled design (26).png]
[uploads-ssl.webflow.com/5fec9cbd559a42ec579e8c62/5fec9dfd1b5800f92eef8af2_linkedin.png]
[www.hsgadvisory.com/privacy-policy.html]
[d3e54v103j8qbb.cloudfront.net/js/jquery-3.5.1.min.dc5e7f18c8ecf3.js]
[www.hsgadvisory.com/index.html]
[cdn.usefathom.com/script.js]
[uploads-ssl.webflow.com/5fec9cbd559a42ec579e8c62/js/webflow.2ddb12554.js]
[uploads-ssl.webflow.com/5fec9cbd559a42ec579e8c62/5feca6283d8f868358f26dad_dawn team.jpg]
[uploads-ssl.webflow.com/5fec9cbd559a42ec579e8c62/5fec9cbd650740742461bd4e_painter.jpg]
[uploads-ssl.webflow.com/5fec9cbd559a42ec579e8c62/5fec9cbd650740b5aa61bd57_Set One.png]
[uploads-ssl.webflow.com/5fec9cbd559a42ec579e8c62/5fec9cbd650740592161bd31_team work.jpg]
[uploads-ssl.webflow.com/5fec9cbd559a42ec579e8c62/css/hsg-advisory.webflow.e3ef5bf72.css]
[uploads-ssl.webflow.com/5fec9cbd559a42ec579e8c62/5fede3eb973b9bf5d91e85ac_iconfinder_content-pen-write-3_3656899.png]
[uploads-ssl.webflow.com/5fec9cbd559a42ec579e8c62/5fede3eab7e494c9298c610b_iconfinder_574_-_Sharing_1419523.png]
[uploads-ssl.webflow.com/5fec9cbd559a42ec579e8c62/5fede3ea3d451a5e80a94c31_iconfinder_multimedia-25_2849811.png]
[uploads-ssl.webflow.com/5fec9cbd559a42ec579e8c62/5fed033574e94d9ea57eae6d_Untitled design (24).png]
[www.hsgadvisory.com/what-we-do.html]
[uploads-ssl.webflow.com/5fec9cbd559a42ec579e8c62/5ff59383b6243fc64435e592_Harriet.jpg]
[uploads-ssl.webflow.com/5fec9cbd559a42ec579e8c62/5ff593839056c521ce241052_Xavier.jpg]
[uploads-ssl.webflow.com/5fec9cbd559a42ec579e8c62/5ff5938119e705d62f2255be_Florence.jpg]
[uploads-ssl.webflow.com/5fec9cbd559a42ec579e8c62/5ff593826cc8be42829e3ace_Mickael.jpg]
[uploads-ssl.webflow.com/5fec9cbd559a42ec579e8c62/5ff59383bd33db386af95726_Niamh.jpg]
[uploads-ssl.webflow.com/5fec9cbd559a42ec579e8c62/6011818793fe5d92b02074b4_Josh Davis.jpg]
[uploads-ssl.webflow.com/5fec9cbd559a42ec579e8c62/6011818a8796df7e98234855_Lynsey Barber.jpg]
[uploads-ssl.webflow.com/5fec9cbd559a42ec579e8c62/60118188db7c432c9cc86d2f_Michael Lane.jpg]
[uploads-ssl.webflow.com/5fec9cbd559a42ec579e8c62/60219d5391a3e13c00a1e734_Charles Lichfield.png]
[uploads-ssl.webflow.com/5fec9cbd559a42ec579e8c62/60219d5318efe2792d355aa2_Emily Horton.jpg]
[uploads-ssl.webflow.com/5fec9cbd559a42ec579e8c62/60219d537ca420237bcca3a6_Saidat Giwa-Osagie.png]
[uploads-ssl.webflow.com/5fec9cbd559a42ec579e8c62/60219dcff07255b14e4d64e9_Screenshot 2021-02-08 at 20.22.57.png]
[uploads-ssl.webflow.com/5fec9cbd559a42ec579e8c62/60219d50d6a9d956b126922e_1580908140723.jpg]
[uploads-ssl.webflow.com/5fec9cbd559a42ec579e8c62/601181876f98612689ef65b2_David Cox.jpg]
[uploads-ssl.webflow.com/5fec9cbd559a42ec579e8c62/5fee1a3b5ceaed1769dc2a4d_moonfare.png]
[uploads-ssl.webflow.com/5fec9cbd559a42ec579e8c62/5fedd670d4857660f14eb0b1_lexis.png]
[uploads-ssl.webflow.com/5fec9cbd559a42ec579e8c62/5fee1a3b5e05bd0e42a2b2cf_mf.jpg]
[www.hsgadvisory.com/team.html]
[www.hsgadvisory.com/careers.html]
[www.hsgadvisory.com/contact.html]
[www.hsgadvisory.com/privacy-policy.html]
